mode: count
UnpakSiamida/modules/fakultasunit/domain/FakultasUnit.go:19.40,21.2 1 1
UnpakSiamida/modules/fakultasunit/domain/FakultasUnitCreatedEvent.go:15.47,17.2 1 0
UnpakSiamida/modules/fakultasunit/domain/FakultasUnitCreatedEvent.go:19.61,21.2 1 0
UnpakSiamida/modules/fakultasunit/domain/FakultasUnitErrors.go:8.31,10.2 1 0
UnpakSiamida/modules/fakultasunit/domain/FakultasUnitErrors.go:12.33,14.2 1 0
UnpakSiamida/modules/fakultasunit/domain/FakultasUnitErrors.go:16.33,18.2 1 0
UnpakSiamida/modules/fakultasunit/domain/FakultasUnitErrors.go:20.39,22.2 1 0
UnpakSiamida/modules/fakultasunit/domain/FakultasUnitUpdatedEvent.go:15.47,17.2 1 0
UnpakSiamida/modules/fakultasunit/domain/FakultasUnitUpdatedEvent.go:19.61,21.2 1 0
UnpakSiamida/modules/fakultasunit/domain/FakultasUnit.go:19.40,21.2 1 0
UnpakSiamida/modules/fakultasunit/domain/FakultasUnitCreatedEvent.go:15.47,17.2 1 0
UnpakSiamida/modules/fakultasunit/domain/FakultasUnitCreatedEvent.go:19.61,21.2 1 0
UnpakSiamida/modules/fakultasunit/domain/FakultasUnitErrors.go:8.31,10.2 1 1
UnpakSiamida/modules/fakultasunit/domain/FakultasUnitErrors.go:12.33,14.2 1 1
UnpakSiamida/modules/fakultasunit/domain/FakultasUnitErrors.go:16.33,18.2 1 1
UnpakSiamida/modules/fakultasunit/domain/FakultasUnitErrors.go:20.39,22.2 1 1
UnpakSiamida/modules/fakultasunit/domain/FakultasUnitUpdatedEvent.go:15.47,17.2 1 0
UnpakSiamida/modules/fakultasunit/domain/FakultasUnitUpdatedEvent.go:19.61,21.2 1 0
UnpakSiamida/modules/indikatorrenstra/domain/IndikatorRenstra.go:24.44,26.2 1 0
UnpakSiamida/modules/indikatorrenstra/domain/IndikatorRenstra.go:36.41,38.20 1 1
UnpakSiamida/modules/indikatorrenstra/domain/IndikatorRenstra.go:38.20,40.3 1 1
UnpakSiamida/modules/indikatorrenstra/domain/IndikatorRenstra.go:42.2,42.24 1 1
UnpakSiamida/modules/indikatorrenstra/domain/IndikatorRenstra.go:42.24,44.3 1 1
UnpakSiamida/modules/indikatorrenstra/domain/IndikatorRenstra.go:46.2,62.32 3 1
UnpakSiamida/modules/indikatorrenstra/domain/IndikatorRenstra.go:75.41,77.20 1 1
UnpakSiamida/modules/indikatorrenstra/domain/IndikatorRenstra.go:77.20,79.3 1 1
UnpakSiamida/modules/indikatorrenstra/domain/IndikatorRenstra.go:85.2,85.17 1 1
UnpakSiamida/modules/indikatorrenstra/domain/IndikatorRenstra.go:85.17,87.3 1 1
UnpakSiamida/modules/indikatorrenstra/domain/IndikatorRenstra.go:89.2,89.22 1 1
UnpakSiamida/modules/indikatorrenstra/domain/IndikatorRenstra.go:89.22,91.3 1 1
UnpakSiamida/modules/indikatorrenstra/domain/IndikatorRenstra.go:94.2,99.20 4 1
UnpakSiamida/modules/indikatorrenstra/domain/IndikatorRenstra.go:99.20,101.3 1 1
UnpakSiamida/modules/indikatorrenstra/domain/IndikatorRenstra.go:103.2,103.19 1 1
UnpakSiamida/modules/indikatorrenstra/domain/IndikatorRenstra.go:103.19,105.3 1 1
UnpakSiamida/modules/indikatorrenstra/domain/IndikatorRenstra.go:107.2,107.21 1 1
UnpakSiamida/modules/indikatorrenstra/domain/IndikatorRenstra.go:107.21,109.3 1 1
UnpakSiamida/modules/indikatorrenstra/domain/IndikatorRenstra.go:111.2,117.34 2 1
UnpakSiamida/modules/indikatorrenstra/domain/IndikatorRenstraCreatedEvent.go:15.51,17.2 1 0
UnpakSiamida/modules/indikatorrenstra/domain/IndikatorRenstraCreatedEvent.go:19.65,21.2 1 0
UnpakSiamida/modules/indikatorrenstra/domain/IndikatorRenstraErrors.go:8.31,10.2 1 1
UnpakSiamida/modules/indikatorrenstra/domain/IndikatorRenstraErrors.go:12.33,14.2 1 1
UnpakSiamida/modules/indikatorrenstra/domain/IndikatorRenstraErrors.go:16.36,18.2 1 1
UnpakSiamida/modules/indikatorrenstra/domain/IndikatorRenstraErrors.go:20.35,22.2 1 1
UnpakSiamida/modules/indikatorrenstra/domain/IndikatorRenstraErrors.go:24.40,26.2 1 1
UnpakSiamida/modules/indikatorrenstra/domain/IndikatorRenstraErrors.go:28.33,30.2 1 1
UnpakSiamida/modules/indikatorrenstra/domain/IndikatorRenstraErrors.go:32.39,34.2 1 1
UnpakSiamida/modules/indikatorrenstra/domain/IndikatorRenstraUpdatedEvent.go:15.51,17.2 1 0
UnpakSiamida/modules/indikatorrenstra/domain/IndikatorRenstraUpdatedEvent.go:19.65,21.2 1 0
UnpakSiamida/modules/jenisfile/domain/JenisFile.go:17.37,19.2 1 0
UnpakSiamida/modules/jenisfile/domain/JenisFileErrors.go:8.31,10.2 1 1
UnpakSiamida/modules/jenisfile/domain/JenisFileErrors.go:12.33,14.2 1 1
UnpakSiamida/modules/jenisfile/domain/JenisFileErrors.go:16.39,18.2 1 1
UnpakSiamida/modules/renstra/domain/Renstra.go:32.35,34.2 1 0
UnpakSiamida/modules/renstra/domain/Renstra.go:39.59,41.2 1 1
UnpakSiamida/modules/renstra/domain/Renstra.go:54.32,56.23 1 1
UnpakSiamida/modules/renstra/domain/Renstra.go:56.23,58.3 1 1
UnpakSiamida/modules/renstra/domain/Renstra.go:60.2,60.19 1 1
UnpakSiamida/modules/renstra/domain/Renstra.go:60.19,62.3 1 1
UnpakSiamida/modules/renstra/domain/Renstra.go:64.2,64.18 1 1
UnpakSiamida/modules/renstra/domain/Renstra.go:64.18,66.3 1 1
UnpakSiamida/modules/renstra/domain/Renstra.go:67.2,67.18 1 1
UnpakSiamida/modules/renstra/domain/Renstra.go:67.18,69.3 1 1
UnpakSiamida/modules/renstra/domain/Renstra.go:70.2,70.19 1 1
UnpakSiamida/modules/renstra/domain/Renstra.go:70.19,72.3 1 1
UnpakSiamida/modules/renstra/domain/Renstra.go:74.2,74.72 1 1
UnpakSiamida/modules/renstra/domain/Renstra.go:74.72,76.3 1 1
UnpakSiamida/modules/renstra/domain/Renstra.go:78.2,82.16 3 1
UnpakSiamida/modules/renstra/domain/Renstra.go:82.16,84.3 1 1
UnpakSiamida/modules/renstra/domain/Renstra.go:85.2,86.16 2 1
UnpakSiamida/modules/renstra/domain/Renstra.go:86.16,88.3 1 1
UnpakSiamida/modules/renstra/domain/Renstra.go:91.2,92.16 2 1
UnpakSiamida/modules/renstra/domain/Renstra.go:92.16,94.3 1 1
UnpakSiamida/modules/renstra/domain/Renstra.go:95.2,96.16 2 1
UnpakSiamida/modules/renstra/domain/Renstra.go:96.16,98.3 1 1
UnpakSiamida/modules/renstra/domain/Renstra.go:101.2,102.16 2 1
UnpakSiamida/modules/renstra/domain/Renstra.go:102.16,104.3 1 1
UnpakSiamida/modules/renstra/domain/Renstra.go:105.2,106.16 2 1
UnpakSiamida/modules/renstra/domain/Renstra.go:106.16,108.3 1 1
UnpakSiamida/modules/renstra/domain/Renstra.go:111.2,111.65 1 1
UnpakSiamida/modules/renstra/domain/Renstra.go:111.65,113.3 1 1
UnpakSiamida/modules/renstra/domain/Renstra.go:115.2,115.67 1 1
UnpakSiamida/modules/renstra/domain/Renstra.go:115.67,117.3 1 1
UnpakSiamida/modules/renstra/domain/Renstra.go:119.2,119.69 1 1
UnpakSiamida/modules/renstra/domain/Renstra.go:119.69,121.3 1 1
UnpakSiamida/modules/renstra/domain/Renstra.go:123.2,144.37 3 1
UnpakSiamida/modules/renstra/domain/Renstra.go:151.32,153.17 1 1
UnpakSiamida/modules/renstra/domain/Renstra.go:153.17,155.3 1 1
UnpakSiamida/modules/renstra/domain/Renstra.go:157.2,157.22 1 1
UnpakSiamida/modules/renstra/domain/Renstra.go:157.22,159.3 1 1
UnpakSiamida/modules/renstra/domain/Renstra.go:161.2,169.34 3 1
UnpakSiamida/modules/renstra/domain/Renstra.go:181.32,183.17 1 1
UnpakSiamida/modules/renstra/domain/Renstra.go:183.17,185.3 1 1
UnpakSiamida/modules/renstra/domain/Renstra.go:187.2,187.22 1 1
UnpakSiamida/modules/renstra/domain/Renstra.go:187.22,189.3 1 1
UnpakSiamida/modules/renstra/domain/Renstra.go:191.2,191.23 1 1
UnpakSiamida/modules/renstra/domain/Renstra.go:191.23,193.3 1 1
UnpakSiamida/modules/renstra/domain/Renstra.go:195.2,195.18 1 1
UnpakSiamida/modules/renstra/domain/Renstra.go:195.18,197.3 1 1
UnpakSiamida/modules/renstra/domain/Renstra.go:198.2,198.18 1 1
UnpakSiamida/modules/renstra/domain/Renstra.go:198.18,200.3 1 1
UnpakSiamida/modules/renstra/domain/Renstra.go:201.2,201.19 1 1
UnpakSiamida/modules/renstra/domain/Renstra.go:201.19,203.3 1 1
UnpakSiamida/modules/renstra/domain/Renstra.go:205.2,205.72 1 1
UnpakSiamida/modules/renstra/domain/Renstra.go:205.72,207.3 1 1
UnpakSiamida/modules/renstra/domain/Renstra.go:209.2,213.16 3 1
UnpakSiamida/modules/renstra/domain/Renstra.go:213.16,215.3 1 1
UnpakSiamida/modules/renstra/domain/Renstra.go:216.2,217.16 2 1
UnpakSiamida/modules/renstra/domain/Renstra.go:217.16,219.3 1 1
UnpakSiamida/modules/renstra/domain/Renstra.go:222.2,223.16 2 1
UnpakSiamida/modules/renstra/domain/Renstra.go:223.16,225.3 1 1
UnpakSiamida/modules/renstra/domain/Renstra.go:226.2,227.16 2 1
UnpakSiamida/modules/renstra/domain/Renstra.go:227.16,229.3 1 1
UnpakSiamida/modules/renstra/domain/Renstra.go:232.2,233.16 2 1
UnpakSiamida/modules/renstra/domain/Renstra.go:233.16,235.3 1 1
UnpakSiamida/modules/renstra/domain/Renstra.go:236.2,237.16 2 1
UnpakSiamida/modules/renstra/domain/Renstra.go:237.16,239.3 1 1
UnpakSiamida/modules/renstra/domain/Renstra.go:242.2,242.65 1 1
UnpakSiamida/modules/renstra/domain/Renstra.go:242.65,244.3 1 1
UnpakSiamida/modules/renstra/domain/Renstra.go:246.2,246.67 1 1
UnpakSiamida/modules/renstra/domain/Renstra.go:246.67,248.3 1 1
UnpakSiamida/modules/renstra/domain/Renstra.go:250.2,250.69 1 1
UnpakSiamida/modules/renstra/domain/Renstra.go:250.69,252.3 1 1
UnpakSiamida/modules/renstra/domain/Renstra.go:255.2,273.34 13 1
UnpakSiamida/modules/renstra/domain/RenstraCreatedEvent.go:15.42,17.2 1 0
UnpakSiamida/modules/renstra/domain/RenstraCreatedEvent.go:19.56,21.2 1 0
UnpakSiamida/modules/renstra/domain/RenstraErrors.go:8.31,10.2 1 1
UnpakSiamida/modules/renstra/domain/RenstraErrors.go:12.33,14.2 1 1
UnpakSiamida/modules/renstra/domain/RenstraErrors.go:16.33,18.2 1 1
UnpakSiamida/modules/renstra/domain/RenstraErrors.go:20.39,22.2 1 1
UnpakSiamida/modules/renstra/domain/RenstraErrors.go:24.41,26.2 1 1
UnpakSiamida/modules/renstra/domain/RenstraErrors.go:28.34,30.2 1 1
UnpakSiamida/modules/renstra/domain/RenstraErrors.go:32.36,34.2 1 1
UnpakSiamida/modules/renstra/domain/RenstraErrors.go:36.37,38.2 1 1
UnpakSiamida/modules/renstra/domain/RenstraErrors.go:40.37,42.2 1 1
UnpakSiamida/modules/renstra/domain/RenstraErrors.go:44.49,46.2 1 1
UnpakSiamida/modules/renstra/domain/RenstraErrors.go:48.40,50.2 1 1
UnpakSiamida/modules/renstra/domain/RenstraErrors.go:52.46,54.2 1 1
UnpakSiamida/modules/renstra/domain/RenstraErrors.go:56.48,58.2 1 1
UnpakSiamida/modules/renstra/domain/RenstraErrors.go:60.49,62.2 1 1
UnpakSiamida/modules/renstra/domain/RenstraErrors.go:64.50,66.2 1 1
UnpakSiamida/modules/renstra/domain/RenstraGiveCodeAccessEvent.go:15.49,17.2 1 0
UnpakSiamida/modules/renstra/domain/RenstraGiveCodeAccessEvent.go:19.63,21.2 1 0
UnpakSiamida/modules/renstra/domain/RenstraUpdatedEvent.go:15.42,17.2 1 0
UnpakSiamida/modules/renstra/domain/RenstraUpdatedEvent.go:19.56,21.2 1 0
UnpakSiamida/modules/standarrenstra/domain/StandarRenstra.go:17.42,19.2 1 0
UnpakSiamida/modules/standarrenstra/domain/StandarRenstra.go:23.73,37.2 3 1
UnpakSiamida/modules/standarrenstra/domain/StandarRenstra.go:44.39,46.17 1 1
UnpakSiamida/modules/standarrenstra/domain/StandarRenstra.go:46.17,48.3 1 1
UnpakSiamida/modules/standarrenstra/domain/StandarRenstra.go:50.2,50.22 1 1
UnpakSiamida/modules/standarrenstra/domain/StandarRenstra.go:50.22,52.3 1 1
UnpakSiamida/modules/standarrenstra/domain/StandarRenstra.go:54.2,62.34 3 1
UnpakSiamida/modules/standarrenstra/domain/StandarRenstraCreatedEvent.go:15.49,17.2 1 0
UnpakSiamida/modules/standarrenstra/domain/StandarRenstraCreatedEvent.go:19.63,21.2 1 0
UnpakSiamida/modules/standarrenstra/domain/StandarRenstraErrors.go:8.31,10.2 1 1
UnpakSiamida/modules/standarrenstra/domain/StandarRenstraErrors.go:12.33,14.2 1 1
UnpakSiamida/modules/standarrenstra/domain/StandarRenstraErrors.go:16.33,18.2 1 1
UnpakSiamida/modules/standarrenstra/domain/StandarRenstraErrors.go:20.39,22.2 1 1
UnpakSiamida/modules/standarrenstra/domain/StandarRenstraUpdatedEvent.go:15.49,17.2 1 0
UnpakSiamida/modules/standarrenstra/domain/StandarRenstraUpdatedEvent.go:19.63,21.2 1 0
UnpakSiamida/modules/tahunrenstra/domain/TahunRenstra.go:12.40,14.2 1 0
UnpakSiamida/modules/tahunrenstra/domain/TahunRenstraErrors.go:8.31,10.2 1 1
UnpakSiamida/modules/tahunrenstra/domain/TahunRenstraErrors.go:12.39,14.2 1 1
UnpakSiamida/modules/templatedokumentambahan/domain/TemplateDokumenTambahan.go:22.51,24.2 1 0
UnpakSiamida/modules/templatedokumentambahan/domain/TemplateDokumenTambahan.go:35.48,36.19 1 1
UnpakSiamida/modules/templatedokumentambahan/domain/TemplateDokumenTambahan.go:36.19,38.3 1 1
UnpakSiamida/modules/templatedokumentambahan/domain/TemplateDokumenTambahan.go:40.2,56.53 3 1
UnpakSiamida/modules/templatedokumentambahan/domain/TemplateDokumenTambahan.go:69.48,71.17 1 1
UnpakSiamida/modules/templatedokumentambahan/domain/TemplateDokumenTambahan.go:71.17,73.3 1 1
UnpakSiamida/modules/templatedokumentambahan/domain/TemplateDokumenTambahan.go:74.2,74.22 1 1
UnpakSiamida/modules/templatedokumentambahan/domain/TemplateDokumenTambahan.go:74.22,76.3 1 1
UnpakSiamida/modules/templatedokumentambahan/domain/TemplateDokumenTambahan.go:77.2,77.19 1 1
UnpakSiamida/modules/templatedokumentambahan/domain/TemplateDokumenTambahan.go:77.19,79.3 1 1
UnpakSiamida/modules/templatedokumentambahan/domain/TemplateDokumenTambahan.go:81.2,94.34 8 1
UnpakSiamida/modules/templatedokumentambahan/domain/TemplateDokumenTambahanCreatedEvent.go:15.58,17.2 1 0
UnpakSiamida/modules/templatedokumentambahan/domain/TemplateDokumenTambahanCreatedEvent.go:19.72,21.2 1 0
UnpakSiamida/modules/templatedokumentambahan/domain/TemplateDokumenTambahanErrors.go:8.31,10.2 1 1
UnpakSiamida/modules/templatedokumentambahan/domain/TemplateDokumenTambahanErrors.go:12.33,14.2 1 1
UnpakSiamida/modules/templatedokumentambahan/domain/TemplateDokumenTambahanErrors.go:16.39,18.2 1 1
UnpakSiamida/modules/templatedokumentambahan/domain/TemplateDokumenTambahanErrors.go:20.33,22.2 1 1
UnpakSiamida/modules/templatedokumentambahan/domain/TemplateDokumenTambahanErrors.go:24.39,26.2 1 1
UnpakSiamida/modules/templatedokumentambahan/domain/TemplateDokumenTambahanUpdatedEvent.go:15.58,17.2 1 0
UnpakSiamida/modules/templatedokumentambahan/domain/TemplateDokumenTambahanUpdatedEvent.go:19.72,21.2 1 0
UnpakSiamida/modules/templaterenstra/domain/TemplateRenstra.go:27.43,29.2 1 0
UnpakSiamida/modules/templaterenstra/domain/TemplateRenstra.go:45.40,54.50 4 1
UnpakSiamida/modules/templaterenstra/domain/TemplateRenstra.go:54.50,56.3 1 1
UnpakSiamida/modules/templaterenstra/domain/TemplateRenstra.go:57.2,57.26 1 1
UnpakSiamida/modules/templaterenstra/domain/TemplateRenstra.go:57.26,59.3 1 1
UnpakSiamida/modules/templaterenstra/domain/TemplateRenstra.go:60.2,60.20 1 1
UnpakSiamida/modules/templaterenstra/domain/TemplateRenstra.go:60.20,62.3 1 1
UnpakSiamida/modules/templaterenstra/domain/TemplateRenstra.go:64.2,85.45 3 1
UnpakSiamida/modules/templaterenstra/domain/TemplateRenstra.go:103.40,109.17 4 1
UnpakSiamida/modules/templaterenstra/domain/TemplateRenstra.go:109.17,111.3 1 1
UnpakSiamida/modules/templaterenstra/domain/TemplateRenstra.go:112.2,112.22 1 1
UnpakSiamida/modules/templaterenstra/domain/TemplateRenstra.go:112.22,114.3 1 1
UnpakSiamida/modules/templaterenstra/domain/TemplateRenstra.go:118.2,119.50 1 1
UnpakSiamida/modules/templaterenstra/domain/TemplateRenstra.go:119.50,121.3 1 1
UnpakSiamida/modules/templaterenstra/domain/TemplateRenstra.go:122.2,122.26 1 1
UnpakSiamida/modules/templaterenstra/domain/TemplateRenstra.go:122.26,124.3 1 1
UnpakSiamida/modules/templaterenstra/domain/TemplateRenstra.go:125.2,125.20 1 1
UnpakSiamida/modules/templaterenstra/domain/TemplateRenstra.go:125.20,127.3 1 1
UnpakSiamida/modules/templaterenstra/domain/TemplateRenstra.go:129.2,147.34 13 1
UnpakSiamida/modules/templaterenstra/domain/TemplateRenstraCreatedEvent.go:15.50,17.2 1 0
UnpakSiamida/modules/templaterenstra/domain/TemplateRenstraCreatedEvent.go:19.64,21.2 1 0
UnpakSiamida/modules/templaterenstra/domain/TemplateRenstraErrors.go:8.31,10.2 1 1
UnpakSiamida/modules/templaterenstra/domain/TemplateRenstraErrors.go:12.33,14.2 1 1
UnpakSiamida/modules/templaterenstra/domain/TemplateRenstraErrors.go:16.39,18.2 1 1
UnpakSiamida/modules/templaterenstra/domain/TemplateRenstraErrors.go:20.42,22.2 1 1
UnpakSiamida/modules/templaterenstra/domain/TemplateRenstraErrors.go:24.40,26.2 1 1
UnpakSiamida/modules/templaterenstra/domain/TemplateRenstraErrors.go:28.33,30.2 1 1
UnpakSiamida/modules/templaterenstra/domain/TemplateRenstraErrors.go:32.39,34.2 1 1
UnpakSiamida/modules/templaterenstra/domain/TemplateRenstraUpdatedEvent.go:15.50,17.2 1 0
UnpakSiamida/modules/templaterenstra/domain/TemplateRenstraUpdatedEvent.go:19.64,21.2 1 0
UnpakSiamida/modules/user/domain/User.go:23.32,25.2 1 0
UnpakSiamida/modules/user/domain/User.go:29.134,31.38 1 1
UnpakSiamida/modules/user/domain/User.go:31.38,33.3 1 1
UnpakSiamida/modules/user/domain/User.go:35.2,51.34 3 1
UnpakSiamida/modules/user/domain/User.go:64.29,66.17 1 1
UnpakSiamida/modules/user/domain/User.go:66.17,68.3 1 1
UnpakSiamida/modules/user/domain/User.go:70.2,70.22 1 1
UnpakSiamida/modules/user/domain/User.go:70.22,72.3 1 1
UnpakSiamida/modules/user/domain/User.go:75.2,75.38 1 1
UnpakSiamida/modules/user/domain/User.go:75.38,77.3 1 1
UnpakSiamida/modules/user/domain/User.go:80.2,80.21 1 1
UnpakSiamida/modules/user/domain/User.go:80.21,82.3 1 1
UnpakSiamida/modules/user/domain/User.go:83.2,87.25 4 1
UnpakSiamida/modules/user/domain/User.go:87.25,89.3 1 1
UnpakSiamida/modules/user/domain/User.go:91.2,97.34 2 1
UnpakSiamida/modules/user/domain/UserCreatedEvent.go:15.39,17.2 1 0
UnpakSiamida/modules/user/domain/UserCreatedEvent.go:19.53,21.2 1 0
UnpakSiamida/modules/user/domain/UserErrors.go:8.31,10.2 1 1
UnpakSiamida/modules/user/domain/UserErrors.go:12.33,14.2 1 1
UnpakSiamida/modules/user/domain/UserErrors.go:16.33,18.2 1 1
UnpakSiamida/modules/user/domain/UserErrors.go:20.34,22.2 1 1
UnpakSiamida/modules/user/domain/UserErrors.go:24.39,26.2 1 1
UnpakSiamida/modules/user/domain/UserUpdatedEvent.go:15.39,17.2 1 0
UnpakSiamida/modules/user/domain/UserUpdatedEvent.go:19.53,21.2 1 0
