================ 2025-12-26T14:53:43+07:00 ================
IP: 127.0.0.1
Took: 1.352125ms

GET /standarrenstras?mode=paging&page=1&limit=10&search= HTTP/1.1
Host: localhost:3000
User-Agent: Mozilla/5.0 (Macintosh; Intel Mac OS X 10_15_7) AppleWebKit/537.36 (KHTML, like Gecko) Chrome/143.0.0.0 Safari/537.36
Connection: keep-alive
Sec-Ch-Ua-Platform: "macOS"
Sec-Ch-Ua: "Google Chrome";v="143", "Chromium";v="143", "Not A(Brand";v="24"
Dnt: 1
Sec-Ch-Ua-Mobile: ?0
Accept: */*
Origin: http://localhost:5173
Sec-Fetch-Site: same-site
Sec-Fetch-Mode: cors
Sec-Fetch-Dest: empty
Referer: http://localhost:5173/
Accept-Encoding: gzip, deflate, br, zstd
Accept-Language: id-ID,id;q=0.9,en-US;q=0.8,en;q=0.7


=============================================
